c:\users\brand\desktop\pocketanimals\release\vc141.pdb
c:\users\brand\desktop\pocketanimals\release\tilemanager.obj
c:\users\brand\desktop\pocketanimals\release\tile.obj
c:\users\brand\desktop\pocketanimals\release\texturemanager.obj
c:\users\brand\desktop\pocketanimals\release\spritesheet.obj
c:\users\brand\desktop\pocketanimals\release\player.obj
c:\users\brand\desktop\pocketanimals\release\overlay.obj
c:\users\brand\desktop\pocketanimals\release\main.obj
c:\users\brand\desktop\pocketanimals\release\levelpocketanimals.obj
c:\users\brand\desktop\pocketanimals\release\levelmanagerpocketanimals.obj
c:\users\brand\desktop\pocketanimals\release\inputhandler.obj
c:\users\brand\desktop\pocketanimals\release\grid.obj
c:\users\brand\desktop\pocketanimals\release\animdirectional.obj
c:\users\brand\desktop\pocketanimals\release\animbase.obj
c:\users\brand\desktop\pocketanimals\release\game.tlog\cl.command.1.tlog
c:\users\brand\desktop\pocketanimals\release\game.tlog\cl.read.1.tlog
c:\users\brand\desktop\pocketanimals\release\game.tlog\cl.write.1.tlog
c:\users\brand\desktop\pocketanimals\release\game.tlog\link.command.1.tlog
c:\users\brand\desktop\pocketanimals\release\game.tlog\link.read.1.tlog
c:\users\brand\desktop\pocketanimals\release\game.tlog\link.write.1.tlog
